Fri Aug  4 01:32:07 PM CEST 2023
[====] Synthesis: Tested: 18 | Passing: 18 | Failing: 0 | Crashing: 0 
------------------------------------------------------------------------------
                           GCC Code Coverage Report
Directory: .
------------------------------------------------------------------------------
File                                       Lines    Exec  Cover   Missing
------------------------------------------------------------------------------
sources/parser.c                              76      65    85%   33,107,109-110,112-116,118-119
------------------------------------------------------------------------------
TOTAL                                         76      65    85%
------------------------------------------------------------------------------
------------------------------------------------------------------------------
                           GCC Code Coverage Report
Directory: .
------------------------------------------------------------------------------
File                                    Branches   Taken  Cover   Missing
------------------------------------------------------------------------------
sources/parser.c                              42      36    85%   22,32,113,115
------------------------------------------------------------------------------
TOTAL                                         42      36    85%
------------------------------------------------------------------------------
